Build started 3/4/2017 1:35:15 AM.
     1>Project "C:\Users\mugra_000\Documents\NYU College\Somphmore Semester 2\Intro to Game Programming\GameProgramming\Homework_3\NYUCodebase\NYUCodebase.vcxproj" on node 2 (Build target(s)).
     1>ClCompile:
         C:\Program Files (x86)\Microsoft Visual Studio 12.0\VC\bin\CL.exe /c /IC:\SDL2\include /IC:\SDL2_image\include /IC:\glew\include /IC:\SDL2_mixer\include /ZI /nologo /W3 /WX- /sdl /Od /Oy- /D _WINDOWS /D _MBCS /D _MBCS /Gm /EHsc /RTC1 /MDd /GS /fp:precise /Zc:wchar_t /Zc:forScope /Fo"Debug\\" /Fd"Debug\vc120.pdb" /Gd /TP /analyze- /errorReport:prompt main.cpp
         main.cpp
     1>c:\users\mugra_000\documents\nyu college\somphmore semester 2\intro to game programming\gameprogramming\homework_3\nyucodebase\main.cpp(51): warning C4018: '<' : signed/unsigned mismatch
     1>c:\users\mugra_000\documents\nyu college\somphmore semester 2\intro to game programming\gameprogramming\homework_3\nyucodebase\main.cpp(230): warning C4244: 'argument' : conversion from 'double' to 'float', possible loss of data
     1>c:\users\mugra_000\documents\nyu college\somphmore semester 2\intro to game programming\gameprogramming\homework_3\nyucodebase\main.cpp(236): warning C4244: 'argument' : conversion from 'double' to 'float', possible loss of data
     1>c:\users\mugra_000\documents\nyu college\somphmore semester 2\intro to game programming\gameprogramming\homework_3\nyucodebase\main.cpp(248): warning C4244: 'argument' : conversion from 'double' to 'float', possible loss of data
     1>c:\users\mugra_000\documents\nyu college\somphmore semester 2\intro to game programming\gameprogramming\homework_3\nyucodebase\main.cpp(259): warning C4244: 'argument' : conversion from 'double' to 'float', possible loss of data
     1>c:\users\mugra_000\documents\nyu college\somphmore semester 2\intro to game programming\gameprogramming\homework_3\nyucodebase\main.cpp(260): warning C4305: 'argument' : truncation from 'double' to 'float'
     1>c:\users\mugra_000\documents\nyu college\somphmore semester 2\intro to game programming\gameprogramming\homework_3\nyucodebase\main.cpp(327): warning C4305: 'argument' : truncation from 'double' to 'float'
     1>c:\users\mugra_000\documents\nyu college\somphmore semester 2\intro to game programming\gameprogramming\homework_3\nyucodebase\main.cpp(434): warning C4244: 'initializing' : conversion from 'double' to 'float', possible loss of data
     1>c:\users\mugra_000\documents\nyu college\somphmore semester 2\intro to game programming\gameprogramming\homework_3\nyucodebase\main.cpp(458): warning C4244: 'initializing' : conversion from 'double' to 'float', possible loss of data
     1>c:\users\mugra_000\documents\nyu college\somphmore semester 2\intro to game programming\gameprogramming\homework_3\nyucodebase\main.cpp(515): warning C4305: 'argument' : truncation from 'double' to 'float'
     1>c:\users\mugra_000\documents\nyu college\somphmore semester 2\intro to game programming\gameprogramming\homework_3\nyucodebase\main.cpp(516): warning C4305: 'argument' : truncation from 'double' to 'float'
       Link:
         C:\Program Files (x86)\Microsoft Visual Studio 12.0\VC\bin\link.exe /ERRORREPORT:PROMPT /OUT:"C:\Users\mugra_000\Documents\NYU College\Somphmore Semester 2\Intro to Game Programming\GameProgramming\Homework_3\Debug\NYUCodebase.exe" /INCREMENTAL /NOLOGO /LIBPATH:C:\SDL2_mixer\lib\x86 /LIBPATH:C:\SDL2\lib\x86 /LIBPATH:C:\SDL2_image\lib\x86 /LIBPATH:C:\glew\lib\Release\Win32 SDL2.lib SDL2_mixer.lib glew32.lib SDL2main.lib SDL2_image.lib OpenGL32.lib /MANIFEST /MANIFESTUAC:"level='asInvoker' uiAccess='false'" /manifest:embed /DEBUG /PDB:"C:\Users\mugra_000\Documents\NYU College\Somphmore Semester 2\Intro to Game Programming\GameProgramming\Homework_3\Debug\NYUCodebase.pdb" /SUBSYSTEM:WINDOWS /TLBID:1 /DYNAMICBASE /NXCOMPAT /IMPLIB:"C:\Users\mugra_000\Documents\NYU College\Somphmore Semester 2\Intro to Game Programming\GameProgramming\Homework_3\Debug\NYUCodebase.lib" /MACHINE:X86 Debug\main.obj
         Debug\Matrix.obj
         Debug\ShaderProgram.obj
         NYUCodebase.vcxproj -> C:\Users\mugra_000\Documents\NYU College\Somphmore Semester 2\Intro to Game Programming\GameProgramming\Homework_3\Debug\NYUCodebase.exe
     1>Done Building Project "C:\Users\mugra_000\Documents\NYU College\Somphmore Semester 2\Intro to Game Programming\GameProgramming\Homework_3\NYUCodebase\NYUCodebase.vcxproj" (Build target(s)).

Build succeeded.

Time Elapsed 00:00:01.65
