Build started 4/17/2017 11:38:12 PM.
     1>Project "C:\Users\mugra_000\Documents\NYU College\Somphmore Semester 2\Intro to Game Programming\GameProgramming\Homework_6\NYUCodebase\NYUCodebase.vcxproj" on node 2 (Build target(s)).
     1>ClCompile:
         C:\Program Files (x86)\Microsoft Visual Studio 14.0\VC\bin\CL.exe /c /IC:\SDL2\include /IC:\SDL2_image\include /IC:\glew\include /IC:\SDL2_mixer\include /Zi /nologo /W3 /WX- /sdl /O2 /Oi /Oy- /GL /D _WINDOWS /D _MBCS /D _MBCS /Gm- /EHsc /MD /GS /Gy /fp:precise /Zc:wchar_t /Zc:forScope /Zc:inline /Fo"Release\\" /Fd"Release\vc140.pdb" /Gd /TP /analyze- /errorReport:prompt main.cpp
         main.cpp
     1>main.cpp(49): warning C4018: '<': signed/unsigned mismatch
     1>main.cpp(121): warning C4244: '+=': conversion from 'double' to 'float', possible loss of data
     1>main.cpp(128): warning C4244: '+=': conversion from 'double' to 'float', possible loss of data
     1>main.cpp(298): warning C4305: 'argument': truncation from 'double' to 'float'
     1>main.cpp(299): warning C4305: 'argument': truncation from 'double' to 'float'
     1>main.cpp(314): warning C4305: 'argument': truncation from 'double' to 'float'
       Link:
         C:\Program Files (x86)\Microsoft Visual Studio 14.0\VC\bin\link.exe /ERRORREPORT:PROMPT /OUT:"C:\Users\mugra_000\Documents\NYU College\Somphmore Semester 2\Intro to Game Programming\GameProgramming\Homework_6\Release\NYUCodebase.exe" /NOLOGO /LIBPATH:C:\SDL2_mixer\lib\x86 /LIBPATH:C:\SDL2\lib\x86 /LIBPATH:C:\SDL2_image\lib\x86 /LIBPATH:C:\glew\lib\Release\Win32 SDL2.lib SDL2_mixer.lib glew32.lib SDL2main.lib SDL2_image.lib OpenGL32.lib /MANIFEST /MANIFESTUAC:"level='asInvoker' uiAccess='false'" /manifest:embed /Debug /PDB:"C:\Users\mugra_000\Documents\NYU College\Somphmore Semester 2\Intro to Game Programming\GameProgramming\Homework_6\Release\NYUCodebase.pdb" /SUBSYSTEM:WINDOWS /OPT:REF /OPT:ICF /LTCG:incremental /TLBID:1 /DYNAMICBASE /NXCOMPAT /IMPLIB:"C:\Users\mugra_000\Documents\NYU College\Somphmore Semester 2\Intro to Game Programming\GameProgramming\Homework_6\Release\NYUCodebase.lib" /MACHINE:X86 /SAFESEH Release\main.obj
         Release\Matrix.obj
         Release\ShaderProgram.obj
         Generating code
         1 of 453 functions ( 0.2%) were compiled, the rest were copied from previous compilation.
           0 functions were new in current compilation
           0 functions had inline decision re-evaluated but remain unchanged
         Finished generating code
         NYUCodebase.vcxproj -> C:\Users\mugra_000\Documents\NYU College\Somphmore Semester 2\Intro to Game Programming\GameProgramming\Homework_6\Release\NYUCodebase.exe
     1>Done Building Project "C:\Users\mugra_000\Documents\NYU College\Somphmore Semester 2\Intro to Game Programming\GameProgramming\Homework_6\NYUCodebase\NYUCodebase.vcxproj" (Build target(s)).

Build succeeded.

Time Elapsed 00:00:03.73
