c:\users\mugra_000\documents\nyu college\somphmore semester 2\intro to game programming\cs3113\project_template\windows\nyucodebase\nyucodebase\debug\vc140.pdb
c:\users\mugra_000\documents\nyu college\somphmore semester 2\intro to game programming\cs3113\project_template\windows\nyucodebase\nyucodebase\debug\vc140.idb
c:\users\mugra_000\documents\nyu college\somphmore semester 2\intro to game programming\cs3113\project_template\windows\nyucodebase\nyucodebase\debug\main.obj
c:\users\mugra_000\documents\nyu college\somphmore semester 2\intro to game programming\cs3113\project_template\windows\nyucodebase\nyucodebase\debug\matrix.obj
c:\users\mugra_000\documents\nyu college\somphmore semester 2\intro to game programming\cs3113\project_template\windows\nyucodebase\nyucodebase\debug\shaderprogram.obj
c:\users\mugra_000\documents\nyu college\somphmore semester 2\intro to game programming\gameprogramming\homework 1\nyucodebase\debug\vc120.pdb
c:\users\mugra_000\documents\nyu college\somphmore semester 2\intro to game programming\gameprogramming\homework 1\nyucodebase\debug\vc120.idb
c:\users\mugra_000\documents\nyu college\somphmore semester 2\intro to game programming\gameprogramming\homework 1\nyucodebase\debug\main.obj
c:\users\mugra_000\documents\nyu college\somphmore semester 2\intro to game programming\gameprogramming\homework 1\nyucodebase\debug\matrix.obj
c:\users\mugra_000\documents\nyu college\somphmore semester 2\intro to game programming\gameprogramming\homework 1\nyucodebase\debug\shaderprogram.obj
c:\users\mugra_000\documents\nyu college\somphmore semester 2\intro to game programming\gameprogramming\homework_3\nyucodebase\debug\vc120.pdb
c:\users\mugra_000\documents\nyu college\somphmore semester 2\intro to game programming\gameprogramming\homework_3\nyucodebase\debug\vc120.idb
c:\users\mugra_000\documents\nyu college\somphmore semester 2\intro to game programming\gameprogramming\homework_3\nyucodebase\debug\main.obj
c:\users\mugra_000\documents\nyu college\somphmore semester 2\intro to game programming\gameprogramming\homework_3\nyucodebase\debug\matrix.obj
c:\users\mugra_000\documents\nyu college\somphmore semester 2\intro to game programming\gameprogramming\homework_3\nyucodebase\debug\shaderprogram.obj
c:\users\mugra_000\documents\nyu college\somphmore semester 2\intro to game programming\gameprogramming\final project\nyucodebase\debug\vc120.pdb
c:\users\mugra_000\documents\nyu college\somphmore semester 2\intro to game programming\gameprogramming\final project\nyucodebase\debug\vc120.idb
c:\users\mugra_000\documents\nyu college\somphmore semester 2\intro to game programming\gameprogramming\final project\nyucodebase\debug\main.obj
c:\users\mugra_000\documents\nyu college\somphmore semester 2\intro to game programming\gameprogramming\final project\nyucodebase\debug\matrix.obj
c:\users\mugra_000\documents\nyu college\somphmore semester 2\intro to game programming\gameprogramming\final project\nyucodebase\debug\shaderprogram.obj
c:\users\mugra_000\documents\nyu college\somphmore semester 2\intro to game programming\cs3113\project_template\windows\nyucodebase\debug\nyucodebase.ilk
c:\users\mugra_000\documents\nyu college\somphmore semester 2\intro to game programming\cs3113\project_template\windows\nyucodebase\debug\nyucodebase.exe
c:\users\mugra_000\documents\nyu college\somphmore semester 2\intro to game programming\cs3113\project_template\windows\nyucodebase\debug\nyucodebase.pdb
c:\users\mugra_000\documents\nyu college\somphmore semester 2\intro to game programming\gameprogramming\homework 1\debug\nyucodebase.ilk
c:\users\mugra_000\documents\nyu college\somphmore semester 2\intro to game programming\gameprogramming\homework 1\debug\nyucodebase.exe
c:\users\mugra_000\documents\nyu college\somphmore semester 2\intro to game programming\gameprogramming\homework 1\debug\nyucodebase.pdb
c:\users\mugra_000\documents\nyu college\somphmore semester 2\intro to game programming\gameprogramming\homework_3\debug\nyucodebase.ilk
c:\users\mugra_000\documents\nyu college\somphmore semester 2\intro to game programming\gameprogramming\homework_3\debug\nyucodebase.exe
c:\users\mugra_000\documents\nyu college\somphmore semester 2\intro to game programming\gameprogramming\homework_3\debug\nyucodebase.pdb
c:\users\mugra_000\documents\nyu college\somphmore semester 2\intro to game programming\gameprogramming\final project\debug\nyucodebase.ilk
c:\users\mugra_000\documents\nyu college\somphmore semester 2\intro to game programming\gameprogramming\final project\debug\nyucodebase.exe
c:\users\mugra_000\documents\nyu college\somphmore semester 2\intro to game programming\gameprogramming\final project\debug\nyucodebase.pdb
c:\users\mugra_000\documents\nyu college\somphmore semester 2\intro to game programming\gameprogramming\final project\nyucodebase\debug\vc140.idb
c:\users\mugra_000\documents\nyu college\somphmore semester 2\intro to game programming\gameprogramming\final project\nyucodebase\debug\vc140.pdb
c:\users\mugra_000\documents\nyu college\somphmore semester 2\intro to game programming\gameprogramming\final project\nyucodebase\debug\nyucodebase.tlog\cl.command.1.tlog
c:\users\mugra_000\documents\nyu college\somphmore semester 2\intro to game programming\gameprogramming\final project\nyucodebase\debug\nyucodebase.tlog\cl.read.1.tlog
c:\users\mugra_000\documents\nyu college\somphmore semester 2\intro to game programming\gameprogramming\final project\nyucodebase\debug\nyucodebase.tlog\cl.write.1.tlog
c:\users\mugra_000\documents\nyu college\somphmore semester 2\intro to game programming\gameprogramming\final project\nyucodebase\debug\nyucodebase.tlog\link.command.1.tlog
c:\users\mugra_000\documents\nyu college\somphmore semester 2\intro to game programming\gameprogramming\final project\nyucodebase\debug\nyucodebase.tlog\link.read.1.tlog
c:\users\mugra_000\documents\nyu college\somphmore semester 2\intro to game programming\gameprogramming\final project\nyucodebase\debug\nyucodebase.tlog\link.write.1.tlog
